<?xml version='1.0' encoding='UTF-8'?>
<testsuite hostname="192.168.10.41" name="controllers.ApplicationControllerSpec" tests="5" errors="0" failures="0" skipped="0" time="0.061" timestamp="2023-12-23T02:36:38">
          <properties>
[...]
</properties>
          <testcase classname="controllers.ApplicationControllerSpec" name="ApplicationController .index() should return TODO" time="0.024">
                      
                    </testcase><testcase classname="controllers.ApplicationControllerSpec" name="ApplicationController .create should create a book in the database" time="0.008">
                      
                    </testcase><testcase classname="controllers.ApplicationControllerSpec" name="ApplicationController .read() should find a book in the database by id" time="0.013">
                      
                    </testcase><testcase classname="controllers.ApplicationControllerSpec" name="ApplicationController .update() should return TODO" time="0.01">
                      
                    </testcase><testcase classname="controllers.ApplicationControllerSpec" name="ApplicationController .delete() should return TODO" time="0.006">
                      
                    </testcase>
          <system-out><![CDATA[]]></system-out>
          <system-err><![CDATA[]]></system-err>
        </testsuite>