[0m[[0m[0mdebug[0m] [0m[0mjavaOptions: Vector()[0m
[0m[[0m[0mdebug[0m] [0m[0mForking tests - parallelism = false[0m
[0m[[0m[0mdebug[0m] [0m[0mCreate a single-thread test executor[0m
[0m[[0m[0mdebug[0m] [0m[0mRunner for org.scalatest.tools.Framework produced 2 initial tasks for 2 tests.[0m
[0m[[0m[0mdebug[0m] [0m[0m  Running TaskDef(controllers.ApplicationControllerSpec, sbt.ForkMain$SubclassFingerscan@4ae3c1cd, false, [SuiteSelector])[0m
[0m[[0m[0minfo[0m] [0m[0m[32mApplicationControllerSpec:[0m[0m
[0m[[0m[0minfo[0m] [0m[0m[32mApplicationController .index()[0m[0m
[0m[[0m[0minfo[0m] [0m[0m[32m- should return TODO[0m[0m
[0m[[0m[0minfo[0m] [0m[0m[32mApplicationController .create()[0m[0m
[0m[[0m[0minfo[0m] [0m[0m[32mApplicationController .read()[0m[0m
[0m[[0m[0minfo[0m] [0m[0m[32mApplicationController .update()[0m[0m
[0m[[0m[0minfo[0m] [0m[0m[32mApplicationController .delete()[0m[0m
[0m[[0m[0mdebug[0m] [0m[0m    Produced 0 nested tasks and 1 events.[0m
[0m[[0m[0mdebug[0m] [0m[0m  Running TaskDef(controllers.HomeControllerSpec, sbt.ForkMain$SubclassFingerscan@29f69090, false, [SuiteSelector])[0m
[0m[[0m[0minfo[0m] [0m[0m[32mHomeControllerSpec:[0m[0m
[0m[[0m[0minfo[0m] [0m[0m[32mHomeController GET[0m[0m
[0m[[0m[0minfo[0m] [0m[0m[32m- should render the index page from a new instance of controller[0m[0m
[0m[[0m[0minfo[0m] [0m[0m[32m- should render the index page from the application[0m[0m
[0m[[0m[0minfo[0m] [0m[0m[31m- should render the index page from the router *** FAILED ***[0m[0m
[0m[[0m[0minfo[0m] [0m[0m[31m  400 was not equal to 200 (HomeControllerSpec.scala:45)[0m[0m
[0m[[0m[0mdebug[0m] [0m[0m    Produced 0 nested tasks and 3 events.[0m
[0m[[0m[0minfo[0m] [0m[0m[36mRun completed in 2 seconds, 276 milliseconds.[0m[0m
[0m[[0m[0minfo[0m] [0m[0m[36mTotal number of tests run: 4[0m[0m
[0m[[0m[0minfo[0m] [0m[0m[36mSuites: completed 2, aborted 0[0m[0m
[0m[[0m[0minfo[0m] [0m[0m[36mTests: succeeded 3, failed 1, canceled 0, ignored 0, pending 0[0m[0m
[0m[[0m[0minfo[0m] [0m[0m[31m*** 1 TEST FAILED ***[0m[0m
[0m[[0m[0mdebug[0m] [0m[0mPassed tests:[0m
[0m[[0m[0mdebug[0m] [0m[0m	controllers.ApplicationControllerSpec[0m
[0m[[0m[31merror[0m] [0m[0mFailed tests:[0m
[0m[[0m[31merror[0m] [0m[0m	controllers.HomeControllerSpec[0m
[0m[[0m[31merror[0m] [0m[0m(Test / [31mtest[0m) sbt.TestsFailedException: Tests unsuccessful[0m
